<?xml version="1.0" encoding="UTF-8"?>
<coverage generated="1655402969969" clover="3.2.0">
  <project timestamp="1655402969969" name="All files">
    <metrics statements="15" coveredstatements="14" conditionals="10" coveredconditionals="9" methods="3" coveredmethods="3" elements="28" coveredelements="26" complexity="0" loc="15" ncloc="15" packages="1" files="1" classes="1"/>
    <file name="util.js" path="C:\DH\CTD\testing\programa-listas en javascript\util.js">
      <metrics statements="15" coveredstatements="14" conditionals="10" coveredconditionals="9" methods="3" coveredmethods="3"/>
      <line num="1" count="1" type="stmt"/>
      <line num="3" count="5" type="stmt"/>
      <line num="6" count="1" type="stmt"/>
      <line num="8" count="1" type="stmt"/>
      <line num="9" count="1" type="stmt"/>
      <line num="10" count="1" type="stmt"/>
      <line num="11" count="1" type="stmt"/>
      <line num="14" count="1" type="stmt"/>
      <line num="16" count="4" type="cond" truecount="2" falsecount="0"/>
      <line num="17" count="1" type="stmt"/>
      <line num="19" count="3" type="cond" truecount="4" falsecount="0"/>
      <line num="20" count="1" type="stmt"/>
      <line num="22" count="2" type="cond" truecount="3" falsecount="1"/>
      <line num="23" count="0" type="stmt"/>
      <line num="25" count="2" type="stmt"/>
    </file>
  </project>
</coverage>
